<?xml version="1.0" encoding="UTF-8"?>
<coverage generated="1689938082196" clover="3.2.0">
  <project timestamp="1689938082197" name="All files">
    <metrics statements="26" coveredstatements="25" conditionals="8" coveredconditionals="4" methods="8" coveredmethods="8" elements="42" coveredelements="37" complexity="0" loc="26" ncloc="26" packages="1" files="2" classes="2"/>
    <file name="clearTask.js" path="C:\Users\zola\Awesome-Books\ToDoList\src\modules\clearTask.js">
      <metrics statements="5" coveredstatements="5" conditionals="0" coveredconditionals="0" methods="2" coveredmethods="2"/>
      <line num="3" count="1" type="stmt"/>
      <line num="4" count="9" type="stmt"/>
      <line num="5" count="3" type="stmt"/>
      <line num="6" count="3" type="stmt"/>
      <line num="7" count="3" type="stmt"/>
    </file>
    <file name="taskFunctions.js" path="C:\Users\zola\Awesome-Books\ToDoList\src\modules\taskFunctions.js">
      <metrics statements="21" coveredstatements="20" conditionals="8" coveredconditionals="4" methods="6" coveredmethods="6"/>
      <line num="3" count="3" type="stmt"/>
      <line num="8" count="3" type="cond" truecount="1" falsecount="1"/>
      <line num="9" count="0" type="cond" truecount="0" falsecount="2"/>
      <line num="12" count="3" type="stmt"/>
      <line num="14" count="3" type="cond" truecount="1" falsecount="1"/>
      <line num="15" count="3" type="stmt"/>
      <line num="19" count="3" type="stmt"/>
      <line num="20" count="3" type="stmt"/>
      <line num="21" count="2" type="stmt"/>
      <line num="25" count="3" type="stmt"/>
      <line num="26" count="1" type="stmt"/>
      <line num="27" count="1" type="stmt"/>
      <line num="28" count="1" type="stmt"/>
      <line num="31" count="3" type="stmt"/>
      <line num="32" count="1" type="stmt"/>
      <line num="33" count="1" type="stmt"/>
      <line num="36" count="3" type="stmt"/>
      <line num="37" count="2" type="cond" truecount="2" falsecount="0"/>
      <line num="38" count="1" type="stmt"/>
      <line num="43" count="1" type="stmt"/>
      <line num="44" count="1" type="stmt"/>
    </file>
  </project>
</coverage>
