<?xml version="1.0" encoding="UTF-8"?>
<coverage generated="1689929995402" clover="3.2.0">
  <project timestamp="1689929995403" name="All files">
    <metrics statements="21" coveredstatements="18" conditionals="8" coveredconditionals="4" methods="6" coveredmethods="5" elements="35" coveredelements="27" complexity="0" loc="21" ncloc="21" packages="1" files="1" classes="1"/>
    <file name="taskFunctions.js" path="D:\Microverse\Module 2\week 3\ToDoList\src\modules\taskFunctions.js">
      <metrics statements="21" coveredstatements="18" conditionals="8" coveredconditionals="4" methods="6" coveredmethods="5"/>
      <line num="2" count="1" type="stmt"/>
      <line num="5" count="1" type="cond" truecount="1" falsecount="1"/>
      <line num="6" count="0" type="cond" truecount="0" falsecount="2"/>
      <line num="9" count="1" type="stmt"/>
      <line num="11" count="2" type="cond" truecount="1" falsecount="1"/>
      <line num="12" count="2" type="stmt"/>
      <line num="16" count="1" type="stmt"/>
      <line num="17" count="1" type="stmt"/>
      <line num="18" count="2" type="stmt"/>
      <line num="22" count="1" type="stmt"/>
      <line num="23" count="1" type="stmt"/>
      <line num="24" count="1" type="stmt"/>
      <line num="25" count="1" type="stmt"/>
      <line num="28" count="1" type="stmt"/>
      <line num="29" count="0" type="stmt"/>
      <line num="30" count="0" type="stmt"/>
      <line num="33" count="1" type="stmt"/>
      <line num="34" count="2" type="cond" truecount="2" falsecount="0"/>
      <line num="35" count="1" type="stmt"/>
      <line num="40" count="1" type="stmt"/>
      <line num="41" count="1" type="stmt"/>
    </file>
  </project>
</coverage>
