TN:
SF:src\modules\taskFunctions.js
FN:9,(anonymous_0)
FN:16,(anonymous_1)
FN:17,(anonymous_2)
FN:22,(anonymous_3)
FN:28,(anonymous_4)
FN:33,(anonymous_5)
FNF:6
FNH:5
FNDA:2,(anonymous_0)
FNDA:1,(anonymous_1)
FNDA:2,(anonymous_2)
FNDA:1,(anonymous_3)
FNDA:0,(anonymous_4)
FNDA:2,(anonymous_5)
DA:2,1
DA:5,1
DA:6,0
DA:9,1
DA:11,2
DA:12,2
DA:16,1
DA:17,1
DA:18,2
DA:22,1
DA:23,1
DA:24,1
DA:25,1
DA:28,1
DA:29,0
DA:30,0
DA:33,1
DA:34,2
DA:35,1
DA:40,1
DA:41,1
LF:21
LH:18
BRDA:5,0,0,0
BRDA:5,0,1,1
BRDA:6,1,0,0
BRDA:6,1,1,0
BRDA:11,2,0,2
BRDA:11,2,1,0
BRDA:34,3,0,1
BRDA:34,3,1,1
BRF:8
BRH:4
end_of_record
