TN:
SF:src\modules\clearTask.js
FN:3,(anonymous_0)
FN:4,(anonymous_1)
FNF:2
FNH:2
FNDA:3,(anonymous_0)
FNDA:9,(anonymous_1)
DA:3,1
DA:4,9
DA:5,3
DA:6,3
DA:7,3
LF:5
LH:5
BRF:0
BRH:0
end_of_record
TN:
SF:src\modules\taskFunctions.js
FN:12,(anonymous_0)
FN:19,(anonymous_1)
FN:20,(anonymous_2)
FN:25,(anonymous_3)
FN:31,(anonymous_4)
FN:36,(anonymous_5)
FNF:6
FNH:6
FNDA:3,(anonymous_0)
FNDA:3,(anonymous_1)
FNDA:2,(anonymous_2)
FNDA:1,(anonymous_3)
FNDA:1,(anonymous_4)
FNDA:2,(anonymous_5)
DA:3,3
DA:8,3
DA:9,0
DA:12,3
DA:14,3
DA:15,3
DA:19,3
DA:20,3
DA:21,2
DA:25,3
DA:26,1
DA:27,1
DA:28,1
DA:31,3
DA:32,1
DA:33,1
DA:36,3
DA:37,2
DA:38,1
DA:43,1
DA:44,1
LF:21
LH:20
BRDA:8,0,0,0
BRDA:8,0,1,3
BRDA:9,1,0,0
BRDA:9,1,1,0
BRDA:14,2,0,3
BRDA:14,2,1,0
BRDA:37,3,0,1
BRDA:37,3,1,1
BRF:8
BRH:4
end_of_record
